{"/Users/tuyenle/Documents/Project/BiteTogether/src/hooks/redux.ts": {"path":"/Users/tuyenle/Documents/Project/BiteTogether/src/hooks/redux.ts","statementMap":{"0":{"start":{"line":6,"column":30},"end":{"line":6,"column":62}},"1":{"start":{"line":6,"column":36},"end":{"line":6,"column":62}},"2":{"start":{"line":7,"column":63},"end":{"line":7,"column":74}}},"fnMap":{"0":{"name":"(anonymous_0)","decl":{"start":{"line":6,"column":30},"end":{"line":6,"column":31}},"loc":{"start":{"line":6,"column":36},"end":{"line":6,"column":62}},"line":6}},"branchMap":{},"s":{"0":1,"1":1,"2":1},"f":{"0":1},"b":{},"_coverageSchema":"1a1c01bbd47fc00a2c39e90264f33305004495a9","hash":"6ec6acb7ee337ef79544638e4bb5485918d89267"}
,"/Users/tuyenle/Documents/Project/BiteTogether/src/services/api/authApi.ts": {"path":"/Users/tuyenle/Documents/Project/BiteTogether/src/services/api/authApi.ts","statementMap":{"0":{"start":{"line":5,"column":21},"end":{"line":7,"column":1}},"1":{"start":{"line":6,"column":2},"end":{"line":6,"column":72}},"2":{"start":{"line":9,"column":24},"end":{"line":11,"column":1}},"3":{"start":{"line":10,"column":2},"end":{"line":10,"column":60}},"4":{"start":{"line":13,"column":22},"end":{"line":15,"column":1}},"5":{"start":{"line":14,"column":2},"end":{"line":14,"column":54}},"6":{"start":{"line":17,"column":28},"end":{"line":19,"column":1}},"7":{"start":{"line":18,"column":2},"end":{"line":18,"column":94}}},"fnMap":{"0":{"name":"(anonymous_0)","decl":{"start":{"line":5,"column":21},"end":{"line":5,"column":22}},"loc":{"start":{"line":5,"column":45},"end":{"line":7,"column":1}},"line":5},"1":{"name":"(anonymous_1)","decl":{"start":{"line":9,"column":24},"end":{"line":9,"column":25}},"loc":{"start":{"line":9,"column":51},"end":{"line":11,"column":1}},"line":9},"2":{"name":"(anonymous_2)","decl":{"start":{"line":13,"column":22},"end":{"line":13,"column":23}},"loc":{"start":{"line":13,"column":28},"end":{"line":15,"column":1}},"line":13},"3":{"name":"(anonymous_3)","decl":{"start":{"line":17,"column":28},"end":{"line":17,"column":29}},"loc":{"start":{"line":17,"column":55},"end":{"line":19,"column":1}},"line":17}},"branchMap":{},"s":{"0":1,"1":1,"2":1,"3":1,"4":1,"5":1,"6":1,"7":1},"f":{"0":1,"1":1,"2":1,"3":1},"b":{},"_coverageSchema":"1a1c01bbd47fc00a2c39e90264f33305004495a9","hash":"d5193d32ad5d50ecfe68e48bd661cc218d07d385"}
,"/Users/tuyenle/Documents/Project/BiteTogether/src/services/api/chatApi.ts": {"path":"/Users/tuyenle/Documents/Project/BiteTogether/src/services/api/chatApi.ts","statementMap":{"0":{"start":{"line":6,"column":28},"end":{"line":8,"column":1}},"1":{"start":{"line":7,"column":2},"end":{"line":7,"column":74}},"2":{"start":{"line":10,"column":27},"end":{"line":12,"column":1}},"3":{"start":{"line":11,"column":2},"end":{"line":11,"column":73}},"4":{"start":{"line":14,"column":33},"end":{"line":16,"column":1}},"5":{"start":{"line":15,"column":2},"end":{"line":15,"column":79}},"6":{"start":{"line":18,"column":27},"end":{"line":21,"column":1}},"7":{"start":{"line":19,"column":14},"end":{"line":19,"column":77}},"8":{"start":{"line":20,"column":2},"end":{"line":20,"column":51}}},"fnMap":{"0":{"name":"(anonymous_0)","decl":{"start":{"line":6,"column":28},"end":{"line":6,"column":29}},"loc":{"start":{"line":6,"column":56},"end":{"line":8,"column":1}},"line":6},"1":{"name":"(anonymous_1)","decl":{"start":{"line":10,"column":27},"end":{"line":10,"column":28}},"loc":{"start":{"line":10,"column":57},"end":{"line":12,"column":1}},"line":10},"2":{"name":"(anonymous_2)","decl":{"start":{"line":14,"column":33},"end":{"line":14,"column":34}},"loc":{"start":{"line":14,"column":71},"end":{"line":16,"column":1}},"line":14},"3":{"name":"(anonymous_3)","decl":{"start":{"line":18,"column":27},"end":{"line":18,"column":28}},"loc":{"start":{"line":18,"column":71},"end":{"line":21,"column":1}},"line":18}},"branchMap":{},"s":{"0":1,"1":2,"2":1,"3":1,"4":1,"5":1,"6":1,"7":2,"8":2},"f":{"0":2,"1":1,"2":1,"3":2},"b":{},"_coverageSchema":"1a1c01bbd47fc00a2c39e90264f33305004495a9","hash":"a1ae03933d35e5bdd4085f1b99b09860c4b67413"}
,"/Users/tuyenle/Documents/Project/BiteTogether/src/services/api/endpoints.ts": {"path":"/Users/tuyenle/Documents/Project/BiteTogether/src/services/api/endpoints.ts","statementMap":{"0":{"start":{"line":1,"column":29},"end":{"line":73,"column":1}}},"fnMap":{},"branchMap":{},"s":{"0":6},"f":{},"b":{},"_coverageSchema":"1a1c01bbd47fc00a2c39e90264f33305004495a9","hash":"f285129b0cdabc9b93e2956c1f9c0515c2fd14c3"}
,"/Users/tuyenle/Documents/Project/BiteTogether/src/services/api/feedApi.ts": {"path":"/Users/tuyenle/Documents/Project/BiteTogether/src/services/api/feedApi.ts","statementMap":{"0":{"start":{"line":6,"column":26},"end":{"line":8,"column":1}},"1":{"start":{"line":7,"column":2},"end":{"line":7,"column":63}},"2":{"start":{"line":10,"column":26},"end":{"line":12,"column":1}},"3":{"start":{"line":11,"column":2},"end":{"line":11,"column":69}},"4":{"start":{"line":14,"column":34},"end":{"line":17,"column":1}},"5":{"start":{"line":15,"column":14},"end":{"line":15,"column":85}},"6":{"start":{"line":16,"column":2},"end":{"line":16,"column":48}},"7":{"start":{"line":19,"column":27},"end":{"line":22,"column":1}},"8":{"start":{"line":20,"column":14},"end":{"line":20,"column":75}},"9":{"start":{"line":21,"column":2},"end":{"line":21,"column":35}},"10":{"start":{"line":24,"column":26},"end":{"line":27,"column":1}},"11":{"start":{"line":25,"column":14},"end":{"line":25,"column":72}},"12":{"start":{"line":26,"column":2},"end":{"line":26,"column":35}},"13":{"start":{"line":29,"column":26},"end":{"line":32,"column":1}},"14":{"start":{"line":30,"column":14},"end":{"line":30,"column":72}},"15":{"start":{"line":31,"column":2},"end":{"line":31,"column":32}},"16":{"start":{"line":34,"column":24},"end":{"line":36,"column":1}},"17":{"start":{"line":35,"column":2},"end":{"line":35,"column":61}},"18":{"start":{"line":38,"column":26},"end":{"line":40,"column":1}},"19":{"start":{"line":39,"column":2},"end":{"line":39,"column":69}},"20":{"start":{"line":42,"column":27},"end":{"line":44,"column":1}},"21":{"start":{"line":43,"column":2},"end":{"line":43,"column":59}},"22":{"start":{"line":46,"column":37},"end":{"line":49,"column":1}},"23":{"start":{"line":47,"column":14},"end":{"line":47,"column":92}},"24":{"start":{"line":48,"column":2},"end":{"line":48,"column":51}},"25":{"start":{"line":51,"column":34},"end":{"line":54,"column":1}},"26":{"start":{"line":52,"column":14},"end":{"line":52,"column":89}},"27":{"start":{"line":53,"column":2},"end":{"line":53,"column":52}},"28":{"start":{"line":56,"column":29},"end":{"line":59,"column":1}},"29":{"start":{"line":57,"column":14},"end":{"line":57,"column":89}},"30":{"start":{"line":58,"column":2},"end":{"line":58,"column":32}},"31":{"start":{"line":61,"column":27},"end":{"line":64,"column":1}},"32":{"start":{"line":62,"column":14},"end":{"line":62,"column":87}},"33":{"start":{"line":63,"column":2},"end":{"line":63,"column":35}},"34":{"start":{"line":66,"column":39},"end":{"line":69,"column":1}},"35":{"start":{"line":67,"column":14},"end":{"line":67,"column":100}},"36":{"start":{"line":68,"column":2},"end":{"line":68,"column":51}}},"fnMap":{"0":{"name":"(anonymous_0)","decl":{"start":{"line":6,"column":26},"end":{"line":6,"column":27}},"loc":{"start":{"line":6,"column":64},"end":{"line":8,"column":1}},"line":6},"1":{"name":"(anonymous_1)","decl":{"start":{"line":10,"column":26},"end":{"line":10,"column":27}},"loc":{"start":{"line":10,"column":54},"end":{"line":12,"column":1}},"line":10},"2":{"name":"(anonymous_2)","decl":{"start":{"line":14,"column":34},"end":{"line":14,"column":35}},"loc":{"start":{"line":14,"column":78},"end":{"line":17,"column":1}},"line":14},"3":{"name":"(anonymous_3)","decl":{"start":{"line":19,"column":27},"end":{"line":19,"column":28}},"loc":{"start":{"line":19,"column":43},"end":{"line":22,"column":1}},"line":19},"4":{"name":"(anonymous_4)","decl":{"start":{"line":24,"column":26},"end":{"line":24,"column":27}},"loc":{"start":{"line":24,"column":76},"end":{"line":27,"column":1}},"line":24},"5":{"name":"(anonymous_5)","decl":{"start":{"line":29,"column":26},"end":{"line":29,"column":27}},"loc":{"start":{"line":29,"column":42},"end":{"line":32,"column":1}},"line":29},"6":{"name":"(anonymous_6)","decl":{"start":{"line":34,"column":24},"end":{"line":34,"column":25}},"loc":{"start":{"line":34,"column":51},"end":{"line":36,"column":1}},"line":34},"7":{"name":"(anonymous_7)","decl":{"start":{"line":38,"column":26},"end":{"line":38,"column":27}},"loc":{"start":{"line":38,"column":53},"end":{"line":40,"column":1}},"line":38},"8":{"name":"(anonymous_8)","decl":{"start":{"line":42,"column":27},"end":{"line":42,"column":28}},"loc":{"start":{"line":42,"column":57},"end":{"line":44,"column":1}},"line":42},"9":{"name":"(anonymous_9)","decl":{"start":{"line":46,"column":37},"end":{"line":46,"column":38}},"loc":{"start":{"line":46,"column":81},"end":{"line":49,"column":1}},"line":46},"10":{"name":"(anonymous_10)","decl":{"start":{"line":51,"column":34},"end":{"line":51,"column":35}},"loc":{"start":{"line":51,"column":78},"end":{"line":54,"column":1}},"line":51},"11":{"name":"(anonymous_11)","decl":{"start":{"line":56,"column":29},"end":{"line":56,"column":30}},"loc":{"start":{"line":56,"column":52},"end":{"line":59,"column":1}},"line":56},"12":{"name":"(anonymous_12)","decl":{"start":{"line":61,"column":27},"end":{"line":61,"column":28}},"loc":{"start":{"line":61,"column":76},"end":{"line":64,"column":1}},"line":61},"13":{"name":"(anonymous_13)","decl":{"start":{"line":66,"column":39},"end":{"line":66,"column":40}},"loc":{"start":{"line":66,"column":86},"end":{"line":69,"column":1}},"line":66}},"branchMap":{},"s":{"0":1,"1":1,"2":1,"3":2,"4":1,"5":2,"6":2,"7":1,"8":1,"9":1,"10":1,"11":1,"12":1,"13":1,"14":1,"15":1,"16":1,"17":1,"18":1,"19":1,"20":1,"21":1,"22":1,"23":2,"24":2,"25":1,"26":1,"27":1,"28":1,"29":1,"30":1,"31":1,"32":1,"33":1,"34":1,"35":2,"36":2},"f":{"0":1,"1":2,"2":2,"3":1,"4":1,"5":1,"6":1,"7":1,"8":1,"9":2,"10":1,"11":1,"12":1,"13":2},"b":{},"_coverageSchema":"1a1c01bbd47fc00a2c39e90264f33305004495a9","hash":"eaad7a8135447ff0dbf262a460a1c2c09e4bb3da"}
,"/Users/tuyenle/Documents/Project/BiteTogether/src/services/api/friendsApi.ts": {"path":"/Users/tuyenle/Documents/Project/BiteTogether/src/services/api/friendsApi.ts","statementMap":{"0":{"start":{"line":6,"column":28},"end":{"line":8,"column":1}},"1":{"start":{"line":7,"column":2},"end":{"line":7,"column":98}},"2":{"start":{"line":10,"column":34},"end":{"line":13,"column":1}},"3":{"start":{"line":11,"column":14},"end":{"line":11,"column":71}},"4":{"start":{"line":12,"column":2},"end":{"line":12,"column":52}},"5":{"start":{"line":15,"column":25},"end":{"line":18,"column":1}},"6":{"start":{"line":16,"column":14},"end":{"line":16,"column":91}},"7":{"start":{"line":17,"column":2},"end":{"line":17,"column":30}},"8":{"start":{"line":20,"column":35},"end":{"line":23,"column":1}},"9":{"start":{"line":21,"column":14},"end":{"line":21,"column":78}},"10":{"start":{"line":22,"column":2},"end":{"line":22,"column":30}},"11":{"start":{"line":25,"column":35},"end":{"line":28,"column":1}},"12":{"start":{"line":26,"column":14},"end":{"line":26,"column":78}},"13":{"start":{"line":27,"column":2},"end":{"line":27,"column":32}},"14":{"start":{"line":30,"column":33},"end":{"line":32,"column":1}},"15":{"start":{"line":31,"column":2},"end":{"line":31,"column":92}},"16":{"start":{"line":34,"column":30},"end":{"line":36,"column":1}},"17":{"start":{"line":35,"column":2},"end":{"line":35,"column":85}},"18":{"start":{"line":38,"column":28},"end":{"line":41,"column":1}},"19":{"start":{"line":39,"column":14},"end":{"line":39,"column":77}},"20":{"start":{"line":40,"column":2},"end":{"line":40,"column":32}}},"fnMap":{"0":{"name":"(anonymous_0)","decl":{"start":{"line":6,"column":28},"end":{"line":6,"column":29}},"loc":{"start":{"line":6,"column":49},"end":{"line":8,"column":1}},"line":6},"1":{"name":"(anonymous_1)","decl":{"start":{"line":10,"column":34},"end":{"line":10,"column":35}},"loc":{"start":{"line":10,"column":50},"end":{"line":13,"column":1}},"line":10},"2":{"name":"(anonymous_2)","decl":{"start":{"line":15,"column":25},"end":{"line":15,"column":26}},"loc":{"start":{"line":15,"column":49},"end":{"line":18,"column":1}},"line":15},"3":{"name":"(anonymous_3)","decl":{"start":{"line":20,"column":35},"end":{"line":20,"column":36}},"loc":{"start":{"line":20,"column":51},"end":{"line":23,"column":1}},"line":20},"4":{"name":"(anonymous_4)","decl":{"start":{"line":25,"column":35},"end":{"line":25,"column":36}},"loc":{"start":{"line":25,"column":51},"end":{"line":28,"column":1}},"line":25},"5":{"name":"(anonymous_5)","decl":{"start":{"line":30,"column":33},"end":{"line":30,"column":34}},"loc":{"start":{"line":30,"column":61},"end":{"line":32,"column":1}},"line":30},"6":{"name":"(anonymous_6)","decl":{"start":{"line":34,"column":30},"end":{"line":34,"column":31}},"loc":{"start":{"line":34,"column":58},"end":{"line":36,"column":1}},"line":34},"7":{"name":"(anonymous_7)","decl":{"start":{"line":38,"column":28},"end":{"line":38,"column":29}},"loc":{"start":{"line":38,"column":44},"end":{"line":41,"column":1}},"line":38}},"branchMap":{},"s":{"0":1,"1":1,"2":1,"3":1,"4":1,"5":1,"6":1,"7":1,"8":1,"9":1,"10":1,"11":1,"12":1,"13":1,"14":1,"15":2,"16":1,"17":2,"18":1,"19":1,"20":1},"f":{"0":1,"1":1,"2":1,"3":1,"4":1,"5":2,"6":2,"7":1},"b":{},"_coverageSchema":"1a1c01bbd47fc00a2c39e90264f33305004495a9","hash":"024943f3c0bfed30fe5691286f4f6319ad965ea3"}
,"/Users/tuyenle/Documents/Project/BiteTogether/src/services/api/userApi.ts": {"path":"/Users/tuyenle/Documents/Project/BiteTogether/src/services/api/userApi.ts","statementMap":{"0":{"start":{"line":5,"column":28},"end":{"line":7,"column":1}},"1":{"start":{"line":6,"column":2},"end":{"line":6,"column":69}},"2":{"start":{"line":9,"column":29},"end":{"line":12,"column":1}},"3":{"start":{"line":10,"column":14},"end":{"line":10,"column":75}},"4":{"start":{"line":11,"column":2},"end":{"line":11,"column":52}},"5":{"start":{"line":14,"column":29},"end":{"line":17,"column":1}},"6":{"start":{"line":15,"column":14},"end":{"line":15,"column":75}},"7":{"start":{"line":16,"column":2},"end":{"line":16,"column":32}}},"fnMap":{"0":{"name":"(anonymous_0)","decl":{"start":{"line":5,"column":28},"end":{"line":5,"column":29}},"loc":{"start":{"line":5,"column":34},"end":{"line":7,"column":1}},"line":5},"1":{"name":"(anonymous_1)","decl":{"start":{"line":9,"column":29},"end":{"line":9,"column":30}},"loc":{"start":{"line":9,"column":76},"end":{"line":12,"column":1}},"line":9},"2":{"name":"(anonymous_2)","decl":{"start":{"line":14,"column":29},"end":{"line":14,"column":30}},"loc":{"start":{"line":14,"column":45},"end":{"line":17,"column":1}},"line":14}},"branchMap":{},"s":{"0":1,"1":1,"2":1,"3":2,"4":2,"5":1,"6":2,"7":2},"f":{"0":1,"1":2,"2":2},"b":{},"_coverageSchema":"1a1c01bbd47fc00a2c39e90264f33305004495a9","hash":"cdcf1a5704fa3ad1b72ef5d012f12e10ab1a226f"}
,"/Users/tuyenle/Documents/Project/BiteTogether/src/store/slices/authSlice.ts": {"path":"/Users/tuyenle/Documents/Project/BiteTogether/src/store/slices/authSlice.ts","statementMap":{"0":{"start":{"line":8,"column":32},"end":{"line":14,"column":1}},"1":{"start":{"line":17,"column":25},"end":{"line":35,"column":1}},"2":{"start":{"line":20,"column":4},"end":{"line":33,"column":5}},"3":{"start":{"line":21,"column":23},"end":{"line":21,"column":47}},"4":{"start":{"line":23,"column":6},"end":{"line":28,"column":7}},"5":{"start":{"line":25,"column":8},"end":{"line":25,"column":90}},"6":{"start":{"line":26,"column":8},"end":{"line":26,"column":92}},"7":{"start":{"line":27,"column":8},"end":{"line":27,"column":63}},"8":{"start":{"line":30,"column":6},"end":{"line":30,"column":47}},"9":{"start":{"line":32,"column":6},"end":{"line":32,"column":44}},"10":{"start":{"line":37,"column":28},"end":{"line":52,"column":1}},"11":{"start":{"line":40,"column":4},"end":{"line":50,"column":5}},"12":{"start":{"line":41,"column":23},"end":{"line":41,"column":47}},"13":{"start":{"line":43,"column":6},"end":{"line":45,"column":7}},"14":{"start":{"line":44,"column":8},"end":{"line":44,"column":63}},"15":{"start":{"line":47,"column":6},"end":{"line":47,"column":47}},"16":{"start":{"line":49,"column":6},"end":{"line":49,"column":44}},"17":{"start":{"line":54,"column":26},"end":{"line":75,"column":1}},"18":{"start":{"line":57,"column":4},"end":{"line":73,"column":5}},"19":{"start":{"line":59,"column":6},"end":{"line":62,"column":9}},"20":{"start":{"line":64,"column":23},"end":{"line":64,"column":37}},"21":{"start":{"line":66,"column":6},"end":{"line":68,"column":7}},"22":{"start":{"line":67,"column":8},"end":{"line":67,"column":45}},"23":{"start":{"line":70,"column":6},"end":{"line":70,"column":47}},"24":{"start":{"line":72,"column":6},"end":{"line":72,"column":44}},"25":{"start":{"line":77,"column":30},"end":{"line":96,"column":1}},"26":{"start":{"line":80,"column":4},"end":{"line":94,"column":5}},"27":{"start":{"line":81,"column":20},"end":{"line":81,"column":73}},"28":{"start":{"line":82,"column":27},"end":{"line":82,"column":81}},"29":{"start":{"line":84,"column":6},"end":{"line":91,"column":7}},"30":{"start":{"line":85,"column":8},"end":{"line":88,"column":10}},"31":{"start":{"line":90,"column":8},"end":{"line":90,"column":56}},"32":{"start":{"line":93,"column":6},"end":{"line":93,"column":80}},"33":{"start":{"line":99,"column":18},"end":{"line":188,"column":2}},"34":{"start":{"line":104,"column":6},"end":{"line":104,"column":25}},"35":{"start":{"line":107,"column":6},"end":{"line":107,"column":37}},"36":{"start":{"line":112,"column":4},"end":{"line":130,"column":9}},"37":{"start":{"line":114,"column":8},"end":{"line":114,"column":29}},"38":{"start":{"line":115,"column":8},"end":{"line":115,"column":27}},"39":{"start":{"line":118,"column":8},"end":{"line":118,"column":30}},"40":{"start":{"line":119,"column":8},"end":{"line":119,"column":37}},"41":{"start":{"line":120,"column":8},"end":{"line":120,"column":50}},"42":{"start":{"line":121,"column":8},"end":{"line":121,"column":58}},"43":{"start":{"line":122,"column":8},"end":{"line":122,"column":27}},"44":{"start":{"line":125,"column":8},"end":{"line":125,"column":30}},"45":{"start":{"line":126,"column":8},"end":{"line":126,"column":38}},"46":{"start":{"line":127,"column":8},"end":{"line":127,"column":27}},"47":{"start":{"line":128,"column":8},"end":{"line":128,"column":34}},"48":{"start":{"line":129,"column":8},"end":{"line":129,"column":47}},"49":{"start":{"line":133,"column":4},"end":{"line":145,"column":9}},"50":{"start":{"line":135,"column":8},"end":{"line":135,"column":29}},"51":{"start":{"line":136,"column":8},"end":{"line":136,"column":27}},"52":{"start":{"line":139,"column":8},"end":{"line":139,"column":30}},"53":{"start":{"line":140,"column":8},"end":{"line":140,"column":27}},"54":{"start":{"line":143,"column":8},"end":{"line":143,"column":30}},"55":{"start":{"line":144,"column":8},"end":{"line":144,"column":47}},"56":{"start":{"line":148,"column":4},"end":{"line":166,"column":9}},"57":{"start":{"line":150,"column":8},"end":{"line":150,"column":29}},"58":{"start":{"line":151,"column":8},"end":{"line":151,"column":27}},"59":{"start":{"line":154,"column":8},"end":{"line":154,"column":30}},"60":{"start":{"line":155,"column":8},"end":{"line":155,"column":38}},"61":{"start":{"line":156,"column":8},"end":{"line":156,"column":27}},"62":{"start":{"line":157,"column":8},"end":{"line":157,"column":34}},"63":{"start":{"line":158,"column":8},"end":{"line":158,"column":27}},"64":{"start":{"line":161,"column":8},"end":{"line":161,"column":30}},"65":{"start":{"line":162,"column":8},"end":{"line":162,"column":38}},"66":{"start":{"line":163,"column":8},"end":{"line":163,"column":27}},"67":{"start":{"line":164,"column":8},"end":{"line":164,"column":34}},"68":{"start":{"line":165,"column":8},"end":{"line":165,"column":27}},"69":{"start":{"line":169,"column":4},"end":{"line":186,"column":9}},"70":{"start":{"line":171,"column":8},"end":{"line":171,"column":29}},"71":{"start":{"line":174,"column":8},"end":{"line":174,"column":30}},"72":{"start":{"line":175,"column":8},"end":{"line":175,"column":37}},"73":{"start":{"line":176,"column":8},"end":{"line":176,"column":43}},"74":{"start":{"line":177,"column":8},"end":{"line":177,"column":57}},"75":{"start":{"line":178,"column":8},"end":{"line":178,"column":27}},"76":{"start":{"line":181,"column":8},"end":{"line":181,"column":30}},"77":{"start":{"line":182,"column":8},"end":{"line":182,"column":38}},"78":{"start":{"line":183,"column":8},"end":{"line":183,"column":27}},"79":{"start":{"line":184,"column":8},"end":{"line":184,"column":34}},"80":{"start":{"line":185,"column":8},"end":{"line":185,"column":27}},"81":{"start":{"line":190,"column":42},"end":{"line":190,"column":59}}},"fnMap":{"0":{"name":"(anonymous_0)","decl":{"start":{"line":19,"column":2},"end":{"line":19,"column":3}},"loc":{"start":{"line":19,"column":51},"end":{"line":34,"column":3}},"line":19},"1":{"name":"(anonymous_1)","decl":{"start":{"line":39,"column":2},"end":{"line":39,"column":3}},"loc":{"start":{"line":39,"column":48},"end":{"line":51,"column":3}},"line":39},"2":{"name":"(anonymous_2)","decl":{"start":{"line":56,"column":2},"end":{"line":56,"column":3}},"loc":{"start":{"line":56,"column":36},"end":{"line":74,"column":3}},"line":56},"3":{"name":"(anonymous_3)","decl":{"start":{"line":79,"column":2},"end":{"line":79,"column":3}},"loc":{"start":{"line":79,"column":36},"end":{"line":95,"column":3}},"line":79},"4":{"name":"(anonymous_4)","decl":{"start":{"line":103,"column":16},"end":{"line":103,"column":17}},"loc":{"start":{"line":103,"column":27},"end":{"line":105,"column":5}},"line":103},"5":{"name":"(anonymous_5)","decl":{"start":{"line":106,"column":16},"end":{"line":106,"column":17}},"loc":{"start":{"line":106,"column":59},"end":{"line":108,"column":5}},"line":106},"6":{"name":"(anonymous_6)","decl":{"start":{"line":110,"column":17},"end":{"line":110,"column":18}},"loc":{"start":{"line":110,"column":30},"end":{"line":187,"column":3}},"line":110},"7":{"name":"(anonymous_7)","decl":{"start":{"line":113,"column":34},"end":{"line":113,"column":35}},"loc":{"start":{"line":113,"column":45},"end":{"line":116,"column":7}},"line":113},"8":{"name":"(anonymous_8)","decl":{"start":{"line":117,"column":36},"end":{"line":117,"column":37}},"loc":{"start":{"line":117,"column":55},"end":{"line":123,"column":7}},"line":117},"9":{"name":"(anonymous_9)","decl":{"start":{"line":124,"column":35},"end":{"line":124,"column":36}},"loc":{"start":{"line":124,"column":54},"end":{"line":130,"column":7}},"line":124},"10":{"name":"(anonymous_10)","decl":{"start":{"line":134,"column":37},"end":{"line":134,"column":38}},"loc":{"start":{"line":134,"column":48},"end":{"line":137,"column":7}},"line":134},"11":{"name":"(anonymous_11)","decl":{"start":{"line":138,"column":39},"end":{"line":138,"column":40}},"loc":{"start":{"line":138,"column":50},"end":{"line":141,"column":7}},"line":138},"12":{"name":"(anonymous_12)","decl":{"start":{"line":142,"column":38},"end":{"line":142,"column":39}},"loc":{"start":{"line":142,"column":57},"end":{"line":145,"column":7}},"line":142},"13":{"name":"(anonymous_13)","decl":{"start":{"line":149,"column":35},"end":{"line":149,"column":36}},"loc":{"start":{"line":149,"column":46},"end":{"line":152,"column":7}},"line":149},"14":{"name":"(anonymous_14)","decl":{"start":{"line":153,"column":37},"end":{"line":153,"column":38}},"loc":{"start":{"line":153,"column":48},"end":{"line":159,"column":7}},"line":153},"15":{"name":"(anonymous_15)","decl":{"start":{"line":160,"column":36},"end":{"line":160,"column":37}},"loc":{"start":{"line":160,"column":47},"end":{"line":166,"column":7}},"line":160},"16":{"name":"(anonymous_16)","decl":{"start":{"line":170,"column":39},"end":{"line":170,"column":40}},"loc":{"start":{"line":170,"column":50},"end":{"line":172,"column":7}},"line":170},"17":{"name":"(anonymous_17)","decl":{"start":{"line":173,"column":41},"end":{"line":173,"column":42}},"loc":{"start":{"line":173,"column":60},"end":{"line":179,"column":7}},"line":173},"18":{"name":"(anonymous_18)","decl":{"start":{"line":180,"column":40},"end":{"line":180,"column":41}},"loc":{"start":{"line":180,"column":51},"end":{"line":186,"column":7}},"line":180}},"branchMap":{"0":{"loc":{"start":{"line":23,"column":6},"end":{"line":28,"column":7}},"type":"if","locations":[{"start":{"line":23,"column":6},"end":{"line":28,"column":7}},{"start":{},"end":{}}],"line":23},"1":{"loc":{"start":{"line":23,"column":10},"end":{"line":23,"column":84}},"type":"binary-expr","locations":[{"start":{"line":23,"column":10},"end":{"line":23,"column":23}},{"start":{"line":23,"column":27},"end":{"line":23,"column":53}},{"start":{"line":23,"column":57},"end":{"line":23,"column":84}}],"line":23},"2":{"loc":{"start":{"line":43,"column":6},"end":{"line":45,"column":7}},"type":"if","locations":[{"start":{"line":43,"column":6},"end":{"line":45,"column":7}},{"start":{},"end":{}}],"line":43},"3":{"loc":{"start":{"line":66,"column":6},"end":{"line":68,"column":7}},"type":"if","locations":[{"start":{"line":66,"column":6},"end":{"line":68,"column":7}},{"start":{},"end":{}}],"line":66},"4":{"loc":{"start":{"line":84,"column":6},"end":{"line":91,"column":7}},"type":"if","locations":[{"start":{"line":84,"column":6},"end":{"line":91,"column":7}},{"start":{"line":89,"column":13},"end":{"line":91,"column":7}}],"line":84},"5":{"loc":{"start":{"line":84,"column":10},"end":{"line":84,"column":31}},"type":"binary-expr","locations":[{"start":{"line":84,"column":10},"end":{"line":84,"column":15}},{"start":{"line":84,"column":19},"end":{"line":84,"column":31}}],"line":84},"6":{"loc":{"start":{"line":93,"column":29},"end":{"line":93,"column":78}},"type":"binary-expr","locations":[{"start":{"line":93,"column":29},"end":{"line":93,"column":42}},{"start":{"line":93,"column":46},"end":{"line":93,"column":78}}],"line":93}},"s":{"0":1,"1":1,"2":0,"3":0,"4":0,"5":0,"6":0,"7":0,"8":0,"9":0,"10":1,"11":0,"12":0,"13":0,"14":0,"15":0,"16":0,"17":1,"18":0,"19":0,"20":0,"21":0,"22":0,"23":0,"24":0,"25":1,"26":0,"27":0,"28":0,"29":0,"30":0,"31":0,"32":0,"33":1,"34":1,"35":2,"36":1,"37":1,"38":1,"39":1,"40":1,"41":1,"42":1,"43":1,"44":1,"45":1,"46":1,"47":1,"48":1,"49":1,"50":1,"51":1,"52":1,"53":1,"54":1,"55":1,"56":1,"57":1,"58":1,"59":1,"60":1,"61":1,"62":1,"63":1,"64":1,"65":1,"66":1,"67":1,"68":1,"69":1,"70":1,"71":1,"72":1,"73":1,"74":1,"75":1,"76":1,"77":1,"78":1,"79":1,"80":1,"81":1},"f":{"0":0,"1":0,"2":0,"3":0,"4":1,"5":2,"6":1,"7":1,"8":1,"9":1,"10":1,"11":1,"12":1,"13":1,"14":1,"15":1,"16":1,"17":1,"18":1},"b":{"0":[0,0],"1":[0,0,0],"2":[0,0],"3":[0,0],"4":[0,0],"5":[0,0],"6":[0,0]},"_coverageSchema":"1a1c01bbd47fc00a2c39e90264f33305004495a9","hash":"6db7bd1404921f8545b8f729441cd8f70ee25d86"}
,"/Users/tuyenle/Documents/Project/BiteTogether/src/store/slices/userSlice.ts": {"path":"/Users/tuyenle/Documents/Project/BiteTogether/src/store/slices/userSlice.ts","statementMap":{"0":{"start":{"line":8,"column":32},"end":{"line":13,"column":1}},"1":{"start":{"line":16,"column":32},"end":{"line":31,"column":1}},"2":{"start":{"line":19,"column":4},"end":{"line":29,"column":5}},"3":{"start":{"line":20,"column":23},"end":{"line":20,"column":43}},"4":{"start":{"line":22,"column":6},"end":{"line":26,"column":7}},"5":{"start":{"line":23,"column":8},"end":{"line":23,"column":29}},"6":{"start":{"line":25,"column":8},"end":{"line":25,"column":49}},"7":{"start":{"line":28,"column":6},"end":{"line":28,"column":44}},"8":{"start":{"line":33,"column":33},"end":{"line":48,"column":1}},"9":{"start":{"line":36,"column":4},"end":{"line":46,"column":5}},"10":{"start":{"line":37,"column":23},"end":{"line":37,"column":59}},"11":{"start":{"line":39,"column":6},"end":{"line":43,"column":7}},"12":{"start":{"line":40,"column":8},"end":{"line":40,"column":63}},"13":{"start":{"line":42,"column":8},"end":{"line":42,"column":49}},"14":{"start":{"line":45,"column":6},"end":{"line":45,"column":44}},"15":{"start":{"line":50,"column":33},"end":{"line":69,"column":1}},"16":{"start":{"line":53,"column":4},"end":{"line":67,"column":5}},"17":{"start":{"line":54,"column":23},"end":{"line":54,"column":46}},"18":{"start":{"line":55,"column":6},"end":{"line":64,"column":7}},"19":{"start":{"line":57,"column":8},"end":{"line":60,"column":11}},"20":{"start":{"line":61,"column":8},"end":{"line":61,"column":45}},"21":{"start":{"line":63,"column":8},"end":{"line":63,"column":49}},"22":{"start":{"line":66,"column":6},"end":{"line":66,"column":44}},"23":{"start":{"line":108,"column":18},"end":{"line":211,"column":2}},"24":{"start":{"line":113,"column":6},"end":{"line":113,"column":25}},"25":{"start":{"line":116,"column":6},"end":{"line":116,"column":37}},"26":{"start":{"line":119,"column":6},"end":{"line":121,"column":7}},"27":{"start":{"line":120,"column":8},"end":{"line":120,"column":64}},"28":{"start":{"line":124,"column":6},"end":{"line":124,"column":27}},"29":{"start":{"line":125,"column":6},"end":{"line":125,"column":25}},"30":{"start":{"line":128,"column":6},"end":{"line":128,"column":44}},"31":{"start":{"line":133,"column":4},"end":{"line":146,"column":9}},"32":{"start":{"line":135,"column":8},"end":{"line":135,"column":29}},"33":{"start":{"line":136,"column":8},"end":{"line":136,"column":27}},"34":{"start":{"line":139,"column":8},"end":{"line":139,"column":30}},"35":{"start":{"line":140,"column":8},"end":{"line":140,"column":39}},"36":{"start":{"line":141,"column":8},"end":{"line":141,"column":27}},"37":{"start":{"line":144,"column":8},"end":{"line":144,"column":30}},"38":{"start":{"line":145,"column":8},"end":{"line":145,"column":47}},"39":{"start":{"line":149,"column":4},"end":{"line":162,"column":9}},"40":{"start":{"line":151,"column":8},"end":{"line":151,"column":29}},"41":{"start":{"line":152,"column":8},"end":{"line":152,"column":27}},"42":{"start":{"line":155,"column":8},"end":{"line":155,"column":30}},"43":{"start":{"line":156,"column":8},"end":{"line":156,"column":39}},"44":{"start":{"line":157,"column":8},"end":{"line":157,"column":27}},"45":{"start":{"line":160,"column":8},"end":{"line":160,"column":30}},"46":{"start":{"line":161,"column":8},"end":{"line":161,"column":47}},"47":{"start":{"line":165,"column":4},"end":{"line":178,"column":9}},"48":{"start":{"line":167,"column":8},"end":{"line":167,"column":29}},"49":{"start":{"line":168,"column":8},"end":{"line":168,"column":27}},"50":{"start":{"line":171,"column":8},"end":{"line":171,"column":30}},"51":{"start":{"line":172,"column":8},"end":{"line":172,"column":29}},"52":{"start":{"line":173,"column":8},"end":{"line":173,"column":27}},"53":{"start":{"line":176,"column":8},"end":{"line":176,"column":30}},"54":{"start":{"line":177,"column":8},"end":{"line":177,"column":47}},"55":{"start":{"line":213,"column":97},"end":{"line":213,"column":114}}},"fnMap":{"0":{"name":"(anonymous_0)","decl":{"start":{"line":18,"column":2},"end":{"line":18,"column":3}},"loc":{"start":{"line":18,"column":36},"end":{"line":30,"column":3}},"line":18},"1":{"name":"(anonymous_1)","decl":{"start":{"line":35,"column":2},"end":{"line":35,"column":3}},"loc":{"start":{"line":35,"column":88},"end":{"line":47,"column":3}},"line":35},"2":{"name":"(anonymous_2)","decl":{"start":{"line":52,"column":2},"end":{"line":52,"column":3}},"loc":{"start":{"line":52,"column":45},"end":{"line":68,"column":3}},"line":52},"3":{"name":"(anonymous_3)","decl":{"start":{"line":112,"column":16},"end":{"line":112,"column":17}},"loc":{"start":{"line":112,"column":27},"end":{"line":114,"column":5}},"line":112},"4":{"name":"(anonymous_4)","decl":{"start":{"line":115,"column":16},"end":{"line":115,"column":17}},"loc":{"start":{"line":115,"column":59},"end":{"line":117,"column":5}},"line":115},"5":{"name":"(anonymous_5)","decl":{"start":{"line":118,"column":26},"end":{"line":118,"column":27}},"loc":{"start":{"line":118,"column":86},"end":{"line":122,"column":5}},"line":118},"6":{"name":"(anonymous_6)","decl":{"start":{"line":123,"column":18},"end":{"line":123,"column":19}},"loc":{"start":{"line":123,"column":29},"end":{"line":126,"column":5}},"line":123},"7":{"name":"(anonymous_7)","decl":{"start":{"line":127,"column":23},"end":{"line":127,"column":24}},"loc":{"start":{"line":127,"column":62},"end":{"line":129,"column":5}},"line":127},"8":{"name":"(anonymous_8)","decl":{"start":{"line":131,"column":17},"end":{"line":131,"column":18}},"loc":{"start":{"line":131,"column":30},"end":{"line":210,"column":3}},"line":131},"9":{"name":"(anonymous_9)","decl":{"start":{"line":134,"column":41},"end":{"line":134,"column":42}},"loc":{"start":{"line":134,"column":52},"end":{"line":137,"column":7}},"line":134},"10":{"name":"(anonymous_10)","decl":{"start":{"line":138,"column":43},"end":{"line":138,"column":44}},"loc":{"start":{"line":138,"column":62},"end":{"line":142,"column":7}},"line":138},"11":{"name":"(anonymous_11)","decl":{"start":{"line":143,"column":42},"end":{"line":143,"column":43}},"loc":{"start":{"line":143,"column":61},"end":{"line":146,"column":7}},"line":143},"12":{"name":"(anonymous_12)","decl":{"start":{"line":150,"column":42},"end":{"line":150,"column":43}},"loc":{"start":{"line":150,"column":53},"end":{"line":153,"column":7}},"line":150},"13":{"name":"(anonymous_13)","decl":{"start":{"line":154,"column":44},"end":{"line":154,"column":45}},"loc":{"start":{"line":154,"column":63},"end":{"line":158,"column":7}},"line":154},"14":{"name":"(anonymous_14)","decl":{"start":{"line":159,"column":43},"end":{"line":159,"column":44}},"loc":{"start":{"line":159,"column":62},"end":{"line":162,"column":7}},"line":159},"15":{"name":"(anonymous_15)","decl":{"start":{"line":166,"column":42},"end":{"line":166,"column":43}},"loc":{"start":{"line":166,"column":53},"end":{"line":169,"column":7}},"line":166},"16":{"name":"(anonymous_16)","decl":{"start":{"line":170,"column":44},"end":{"line":170,"column":45}},"loc":{"start":{"line":170,"column":55},"end":{"line":174,"column":7}},"line":170},"17":{"name":"(anonymous_17)","decl":{"start":{"line":175,"column":43},"end":{"line":175,"column":44}},"loc":{"start":{"line":175,"column":62},"end":{"line":178,"column":7}},"line":175}},"branchMap":{"0":{"loc":{"start":{"line":22,"column":6},"end":{"line":26,"column":7}},"type":"if","locations":[{"start":{"line":22,"column":6},"end":{"line":26,"column":7}},{"start":{"line":24,"column":13},"end":{"line":26,"column":7}}],"line":22},"1":{"loc":{"start":{"line":39,"column":6},"end":{"line":43,"column":7}},"type":"if","locations":[{"start":{"line":39,"column":6},"end":{"line":43,"column":7}},{"start":{"line":41,"column":13},"end":{"line":43,"column":7}}],"line":39},"2":{"loc":{"start":{"line":55,"column":6},"end":{"line":64,"column":7}},"type":"if","locations":[{"start":{"line":55,"column":6},"end":{"line":64,"column":7}},{"start":{"line":62,"column":13},"end":{"line":64,"column":7}}],"line":55},"3":{"loc":{"start":{"line":119,"column":6},"end":{"line":121,"column":7}},"type":"if","locations":[{"start":{"line":119,"column":6},"end":{"line":121,"column":7}},{"start":{},"end":{}}],"line":119}},"s":{"0":1,"1":1,"2":0,"3":0,"4":0,"5":0,"6":0,"7":0,"8":1,"9":0,"10":0,"11":0,"12":0,"13":0,"14":0,"15":1,"16":0,"17":0,"18":0,"19":0,"20":0,"21":0,"22":0,"23":1,"24":1,"25":2,"26":2,"27":1,"28":1,"29":1,"30":1,"31":1,"32":1,"33":1,"34":1,"35":1,"36":1,"37":1,"38":1,"39":1,"40":1,"41":1,"42":1,"43":1,"44":1,"45":1,"46":1,"47":1,"48":1,"49":1,"50":1,"51":1,"52":1,"53":1,"54":1,"55":1},"f":{"0":0,"1":0,"2":0,"3":1,"4":2,"5":2,"6":1,"7":1,"8":1,"9":1,"10":1,"11":1,"12":1,"13":1,"14":1,"15":1,"16":1,"17":1},"b":{"0":[0,0],"1":[0,0],"2":[0,0],"3":[1,1]},"_coverageSchema":"1a1c01bbd47fc00a2c39e90264f33305004495a9","hash":"b84c52a48bd939efab9f8672a1d9d0f9e3dacd62"}
,"/Users/tuyenle/Documents/Project/BiteTogether/src/utils/i18n.ts": {"path":"/Users/tuyenle/Documents/Project/BiteTogether/src/utils/i18n.ts","statementMap":{"0":{"start":{"line":8,"column":18},"end":{"line":11,"column":1}},"1":{"start":{"line":14,"column":25},"end":{"line":23,"column":1}},"2":{"start":{"line":18,"column":20},"end":{"line":18,"column":45}},"3":{"start":{"line":19,"column":4},"end":{"line":19,"column":47}},"4":{"start":{"line":25,"column":0},"end":{"line":35,"column":5}}},"fnMap":{"0":{"name":"(anonymous_0)","decl":{"start":{"line":17,"column":10},"end":{"line":17,"column":11}},"loc":{"start":{"line":17,"column":47},"end":{"line":20,"column":3}},"line":17},"1":{"name":"(anonymous_1)","decl":{"start":{"line":21,"column":8},"end":{"line":21,"column":9}},"loc":{"start":{"line":21,"column":14},"end":{"line":21,"column":16}},"line":21},"2":{"name":"(anonymous_2)","decl":{"start":{"line":22,"column":21},"end":{"line":22,"column":22}},"loc":{"start":{"line":22,"column":27},"end":{"line":22,"column":29}},"line":22}},"branchMap":{"0":{"loc":{"start":{"line":19,"column":13},"end":{"line":19,"column":45}},"type":"binary-expr","locations":[{"start":{"line":19,"column":13},"end":{"line":19,"column":37}},{"start":{"line":19,"column":41},"end":{"line":19,"column":45}}],"line":19}},"s":{"0":0,"1":0,"2":0,"3":0,"4":0},"f":{"0":0,"1":0,"2":0},"b":{"0":[0,0]}}
,"/Users/tuyenle/Documents/Project/BiteTogether/src/utils/constants/api/config.ts": {"path":"/Users/tuyenle/Documents/Project/BiteTogether/src/utils/constants/api/config.ts","statementMap":{"0":{"start":{"line":4,"column":26},"end":{"line":8,"column":1}}},"fnMap":{},"branchMap":{"0":{"loc":{"start":{"line":5,"column":12},"end":{"line":5,"column":51}},"type":"binary-expr","locations":[{"start":{"line":5,"column":12},"end":{"line":5,"column":24}},{"start":{"line":5,"column":28},"end":{"line":5,"column":51}}],"line":5},"1":{"loc":{"start":{"line":6,"column":11},"end":{"line":6,"column":39}},"type":"binary-expr","locations":[{"start":{"line":6,"column":11},"end":{"line":6,"column":30}},{"start":{"line":6,"column":34},"end":{"line":6,"column":39}}],"line":6},"2":{"loc":{"start":{"line":7,"column":18},"end":{"line":7,"column":49}},"type":"binary-expr","locations":[{"start":{"line":7,"column":18},"end":{"line":7,"column":44}},{"start":{"line":7,"column":48},"end":{"line":7,"column":49}}],"line":7}},"s":{"0":2},"f":{},"b":{"0":[2,0],"1":[2,0],"2":[2,0]},"_coverageSchema":"1a1c01bbd47fc00a2c39e90264f33305004495a9","hash":"301c5c1a312dd09eee806606fd0947f4b9378c9d"}
,"/Users/tuyenle/Documents/Project/BiteTogether/src/utils/constants/api/websocket.ts": {"path":"/Users/tuyenle/Documents/Project/BiteTogether/src/utils/constants/api/websocket.ts","statementMap":{"0":{"start":{"line":2,"column":32},"end":{"line":15,"column":1}}},"fnMap":{},"branchMap":{},"s":{"0":2},"f":{},"b":{},"_coverageSchema":"1a1c01bbd47fc00a2c39e90264f33305004495a9","hash":"71d79e650c8b48c9a930346dbe6eb99b46a860e6"}
,"/Users/tuyenle/Documents/Project/BiteTogether/src/utils/constants/storage/keys.ts": {"path":"/Users/tuyenle/Documents/Project/BiteTogether/src/utils/constants/storage/keys.ts","statementMap":{"0":{"start":{"line":2,"column":28},"end":{"line":5,"column":1}}},"fnMap":{},"branchMap":{},"s":{"0":2},"f":{},"b":{},"_coverageSchema":"1a1c01bbd47fc00a2c39e90264f33305004495a9","hash":"29ea3eb2479a6ddd591791ebaa778f32bfb5b019"}
,"/Users/tuyenle/Documents/Project/BiteTogether/src/utils/constants/ui/animations.ts": {"path":"/Users/tuyenle/Documents/Project/BiteTogether/src/utils/constants/ui/animations.ts","statementMap":{"0":{"start":{"line":2,"column":26},"end":{"line":7,"column":1}}},"fnMap":{},"branchMap":{},"s":{"0":2},"f":{},"b":{},"_coverageSchema":"1a1c01bbd47fc00a2c39e90264f33305004495a9","hash":"c1cf57c9160c7a0be8c028496089f6fee8d7fb67"}
,"/Users/tuyenle/Documents/Project/BiteTogether/src/utils/constants/ui/colors.ts": {"path":"/Users/tuyenle/Documents/Project/BiteTogether/src/utils/constants/ui/colors.ts","statementMap":{"0":{"start":{"line":2,"column":22},"end":{"line":28,"column":1}}},"fnMap":{},"branchMap":{},"s":{"0":3},"f":{},"b":{},"_coverageSchema":"1a1c01bbd47fc00a2c39e90264f33305004495a9","hash":"af983b91db2162fc8a0c37bdf2db1cd2707d9abe"}
,"/Users/tuyenle/Documents/Project/BiteTogether/src/utils/constants/ui/featureFlags.ts": {"path":"/Users/tuyenle/Documents/Project/BiteTogether/src/utils/constants/ui/featureFlags.ts","statementMap":{"0":{"start":{"line":2,"column":24},"end":{"line":8,"column":1}}},"fnMap":{},"branchMap":{},"s":{"0":2},"f":{},"b":{},"_coverageSchema":"1a1c01bbd47fc00a2c39e90264f33305004495a9","hash":"c7ddd3d5e9a4de193d9513a8ffda0755d6f47934"}
,"/Users/tuyenle/Documents/Project/BiteTogether/src/utils/constants/ui/fonts.ts": {"path":"/Users/tuyenle/Documents/Project/BiteTogether/src/utils/constants/ui/fonts.ts","statementMap":{"0":{"start":{"line":2,"column":21},"end":{"line":21,"column":1}}},"fnMap":{},"branchMap":{},"s":{"0":2},"f":{},"b":{},"_coverageSchema":"1a1c01bbd47fc00a2c39e90264f33305004495a9","hash":"2f2244dc1b4b8d2283c36fd01109e3b553ab9172"}
,"/Users/tuyenle/Documents/Project/BiteTogether/src/utils/constants/ui/map.ts": {"path":"/Users/tuyenle/Documents/Project/BiteTogether/src/utils/constants/ui/map.ts","statementMap":{"0":{"start":{"line":2,"column":26},"end":{"line":12,"column":1}}},"fnMap":{},"branchMap":{},"s":{"0":2},"f":{},"b":{},"_coverageSchema":"1a1c01bbd47fc00a2c39e90264f33305004495a9","hash":"fc73dc6d169adf55a8ad096f3fec359d1d391d1f"}
,"/Users/tuyenle/Documents/Project/BiteTogether/src/utils/constants/ui/pagination.ts": {"path":"/Users/tuyenle/Documents/Project/BiteTogether/src/utils/constants/ui/pagination.ts","statementMap":{"0":{"start":{"line":2,"column":26},"end":{"line":5,"column":1}}},"fnMap":{},"branchMap":{},"s":{"0":2},"f":{},"b":{},"_coverageSchema":"1a1c01bbd47fc00a2c39e90264f33305004495a9","hash":"c2834f158052e74bc3ec7278f124ce78e4f50552"}
,"/Users/tuyenle/Documents/Project/BiteTogether/src/utils/constants/ui/spacing.ts": {"path":"/Users/tuyenle/Documents/Project/BiteTogether/src/utils/constants/ui/spacing.ts","statementMap":{"0":{"start":{"line":2,"column":23},"end":{"line":9,"column":1}},"1":{"start":{"line":11,"column":30},"end":{"line":11,"column":40}}},"fnMap":{},"branchMap":{},"s":{"0":2,"1":2},"f":{},"b":{},"_coverageSchema":"1a1c01bbd47fc00a2c39e90264f33305004495a9","hash":"211760cc35d6e3971a87b6685465ef95818b4226"}
,"/Users/tuyenle/Documents/Project/BiteTogether/src/utils/constants/ui/swipe.ts": {"path":"/Users/tuyenle/Documents/Project/BiteTogether/src/utils/constants/ui/swipe.ts","statementMap":{"0":{"start":{"line":2,"column":28},"end":{"line":7,"column":1}}},"fnMap":{},"branchMap":{},"s":{"0":2},"f":{},"b":{},"_coverageSchema":"1a1c01bbd47fc00a2c39e90264f33305004495a9","hash":"08f70d52bbc6944007bb0bbce50f1987bd1baa36"}
,"/Users/tuyenle/Documents/Project/BiteTogether/src/utils/constants/ui/validation.ts": {"path":"/Users/tuyenle/Documents/Project/BiteTogether/src/utils/constants/ui/validation.ts","statementMap":{"0":{"start":{"line":2,"column":26},"end":{"line":10,"column":1}}},"fnMap":{},"branchMap":{},"s":{"0":2},"f":{},"b":{},"_coverageSchema":"1a1c01bbd47fc00a2c39e90264f33305004495a9","hash":"075c84b43148b729c177510391c120a6725081b1"}
,"/Users/tuyenle/Documents/Project/BiteTogether/src/utils/helpers/formatting.ts": {"path":"/Users/tuyenle/Documents/Project/BiteTogether/src/utils/helpers/formatting.ts","statementMap":{"0":{"start":{"line":6,"column":26},"end":{"line":25,"column":1}},"1":{"start":{"line":7,"column":15},"end":{"line":7,"column":35}},"2":{"start":{"line":8,"column":14},"end":{"line":8,"column":24}},"3":{"start":{"line":9,"column":19},"end":{"line":9,"column":49}},"4":{"start":{"line":10,"column":24},"end":{"line":10,"column":58}},"5":{"start":{"line":11,"column":22},"end":{"line":11,"column":52}},"6":{"start":{"line":12,"column":21},"end":{"line":12,"column":49}},"7":{"start":{"line":14,"column":2},"end":{"line":24,"column":3}},"8":{"start":{"line":15,"column":4},"end":{"line":15,"column":22}},"9":{"start":{"line":16,"column":9},"end":{"line":24,"column":3}},"10":{"start":{"line":17,"column":4},"end":{"line":17,"column":31}},"11":{"start":{"line":18,"column":9},"end":{"line":24,"column":3}},"12":{"start":{"line":19,"column":4},"end":{"line":19,"column":29}},"13":{"start":{"line":20,"column":9},"end":{"line":24,"column":3}},"14":{"start":{"line":21,"column":4},"end":{"line":21,"column":28}},"15":{"start":{"line":23,"column":4},"end":{"line":23,"column":37}},"16":{"start":{"line":32,"column":33},"end":{"line":49,"column":1}},"17":{"start":{"line":33,"column":15},"end":{"line":33,"column":35}},"18":{"start":{"line":34,"column":14},"end":{"line":34,"column":24}},"19":{"start":{"line":35,"column":18},"end":{"line":35,"column":60}},"20":{"start":{"line":37,"column":2},"end":{"line":48,"column":3}},"21":{"start":{"line":38,"column":4},"end":{"line":38,"column":79}},"22":{"start":{"line":40,"column":22},"end":{"line":40,"column":35}},"23":{"start":{"line":41,"column":4},"end":{"line":41,"column":47}},"24":{"start":{"line":43,"column":4},"end":{"line":47,"column":5}},"25":{"start":{"line":44,"column":6},"end":{"line":44,"column":25}},"26":{"start":{"line":46,"column":6},"end":{"line":46,"column":77}},"27":{"start":{"line":56,"column":31},"end":{"line":62,"column":1}},"28":{"start":{"line":57,"column":2},"end":{"line":61,"column":15}},"29":{"start":{"line":60,"column":17},"end":{"line":60,"column":61}},"30":{"start":{"line":70,"column":28},"end":{"line":73,"column":1}},"31":{"start":{"line":71,"column":2},"end":{"line":71,"column":44}},"32":{"start":{"line":71,"column":32},"end":{"line":71,"column":44}},"33":{"start":{"line":72,"column":2},"end":{"line":72,"column":53}},"34":{"start":{"line":81,"column":24},"end":{"line":87,"column":1}},"35":{"start":{"line":83,"column":2},"end":{"line":86,"column":10}},"36":{"start":{"line":84,"column":4},"end":{"line":84,"column":28}},"37":{"start":{"line":85,"column":4},"end":{"line":85,"column":64}},"38":{"start":{"line":85,"column":33},"end":{"line":85,"column":55}},"39":{"start":{"line":93,"column":26},"end":{"line":95,"column":1}},"40":{"start":{"line":94,"column":2},"end":{"line":94,"column":75}},"41":{"start":{"line":105,"column":33},"end":{"line":116,"column":1}},"42":{"start":{"line":106,"column":12},"end":{"line":106,"column":16}},"43":{"start":{"line":107,"column":15},"end":{"line":107,"column":35}},"44":{"start":{"line":108,"column":15},"end":{"line":108,"column":35}},"45":{"start":{"line":110,"column":4},"end":{"line":112,"column":43}},"46":{"start":{"line":113,"column":12},"end":{"line":113,"column":58}},"47":{"start":{"line":114,"column":12},"end":{"line":114,"column":17}},"48":{"start":{"line":115,"column":2},"end":{"line":115,"column":35}},"49":{"start":{"line":123,"column":16},"end":{"line":125,"column":1}},"50":{"start":{"line":124,"column":2},"end":{"line":124,"column":31}},"51":{"start":{"line":132,"column":30},"end":{"line":140,"column":1}},"52":{"start":{"line":133,"column":2},"end":{"line":139,"column":3}},"53":{"start":{"line":134,"column":4},"end":{"line":134,"column":45}},"54":{"start":{"line":135,"column":9},"end":{"line":139,"column":3}},"55":{"start":{"line":136,"column":4},"end":{"line":136,"column":38}},"56":{"start":{"line":138,"column":4},"end":{"line":138,"column":39}},"57":{"start":{"line":147,"column":26},"end":{"line":154,"column":1}},"58":{"start":{"line":148,"column":2},"end":{"line":153,"column":3}},"59":{"start":{"line":149,"column":4},"end":{"line":149,"column":20}},"60":{"start":{"line":150,"column":4},"end":{"line":150,"column":16}},"61":{"start":{"line":152,"column":4},"end":{"line":152,"column":17}},"62":{"start":{"line":162,"column":29},"end":{"line":168,"column":1}},"63":{"start":{"line":163,"column":2},"end":{"line":167,"column":3}},"64":{"start":{"line":164,"column":4},"end":{"line":164,"column":34}},"65":{"start":{"line":166,"column":4},"end":{"line":166,"column":20}}},"fnMap":{"0":{"name":"(anonymous_0)","decl":{"start":{"line":6,"column":26},"end":{"line":6,"column":27}},"loc":{"start":{"line":6,"column":58},"end":{"line":25,"column":1}},"line":6},"1":{"name":"(anonymous_1)","decl":{"start":{"line":32,"column":33},"end":{"line":32,"column":34}},"loc":{"start":{"line":32,"column":65},"end":{"line":49,"column":1}},"line":32},"2":{"name":"(anonymous_2)","decl":{"start":{"line":56,"column":31},"end":{"line":56,"column":32}},"loc":{"start":{"line":56,"column":56},"end":{"line":62,"column":1}},"line":56},"3":{"name":"(anonymous_3)","decl":{"start":{"line":60,"column":9},"end":{"line":60,"column":10}},"loc":{"start":{"line":60,"column":17},"end":{"line":60,"column":61}},"line":60},"4":{"name":"(anonymous_4)","decl":{"start":{"line":70,"column":28},"end":{"line":70,"column":29}},"loc":{"start":{"line":70,"column":73},"end":{"line":73,"column":1}},"line":70},"5":{"name":"(anonymous_5)","decl":{"start":{"line":81,"column":24},"end":{"line":81,"column":25}},"loc":{"start":{"line":81,"column":90},"end":{"line":87,"column":1}},"line":81},"6":{"name":"(anonymous_6)","decl":{"start":{"line":83,"column":10},"end":{"line":83,"column":11}},"loc":{"start":{"line":83,"column":38},"end":{"line":86,"column":3}},"line":83},"7":{"name":"(anonymous_7)","decl":{"start":{"line":85,"column":27},"end":{"line":85,"column":28}},"loc":{"start":{"line":85,"column":33},"end":{"line":85,"column":55}},"line":85},"8":{"name":"(anonymous_8)","decl":{"start":{"line":93,"column":26},"end":{"line":93,"column":27}},"loc":{"start":{"line":93,"column":40},"end":{"line":95,"column":1}},"line":93},"9":{"name":"(anonymous_9)","decl":{"start":{"line":105,"column":33},"end":{"line":105,"column":34}},"loc":{"start":{"line":105,"column":101},"end":{"line":116,"column":1}},"line":105},"10":{"name":"(anonymous_10)","decl":{"start":{"line":123,"column":16},"end":{"line":123,"column":17}},"loc":{"start":{"line":123,"column":41},"end":{"line":125,"column":1}},"line":123},"11":{"name":"(anonymous_11)","decl":{"start":{"line":132,"column":30},"end":{"line":132,"column":31}},"loc":{"start":{"line":132,"column":60},"end":{"line":140,"column":1}},"line":132},"12":{"name":"(anonymous_12)","decl":{"start":{"line":147,"column":26},"end":{"line":147,"column":27}},"loc":{"start":{"line":147,"column":55},"end":{"line":154,"column":1}},"line":147},"13":{"name":"(anonymous_13)","decl":{"start":{"line":162,"column":29},"end":{"line":162,"column":30}},"loc":{"start":{"line":162,"column":72},"end":{"line":168,"column":1}},"line":162}},"branchMap":{"0":{"loc":{"start":{"line":14,"column":2},"end":{"line":24,"column":3}},"type":"if","locations":[{"start":{"line":14,"column":2},"end":{"line":24,"column":3}},{"start":{"line":16,"column":9},"end":{"line":24,"column":3}}],"line":14},"1":{"loc":{"start":{"line":16,"column":9},"end":{"line":24,"column":3}},"type":"if","locations":[{"start":{"line":16,"column":9},"end":{"line":24,"column":3}},{"start":{"line":18,"column":9},"end":{"line":24,"column":3}}],"line":16},"2":{"loc":{"start":{"line":18,"column":9},"end":{"line":24,"column":3}},"type":"if","locations":[{"start":{"line":18,"column":9},"end":{"line":24,"column":3}},{"start":{"line":20,"column":9},"end":{"line":24,"column":3}}],"line":18},"3":{"loc":{"start":{"line":20,"column":9},"end":{"line":24,"column":3}},"type":"if","locations":[{"start":{"line":20,"column":9},"end":{"line":24,"column":3}},{"start":{"line":22,"column":9},"end":{"line":24,"column":3}}],"line":20},"4":{"loc":{"start":{"line":37,"column":2},"end":{"line":48,"column":3}},"type":"if","locations":[{"start":{"line":37,"column":2},"end":{"line":48,"column":3}},{"start":{"line":39,"column":9},"end":{"line":48,"column":3}}],"line":37},"5":{"loc":{"start":{"line":43,"column":4},"end":{"line":47,"column":5}},"type":"if","locations":[{"start":{"line":43,"column":4},"end":{"line":47,"column":5}},{"start":{"line":45,"column":11},"end":{"line":47,"column":5}}],"line":43},"6":{"loc":{"start":{"line":71,"column":2},"end":{"line":71,"column":44}},"type":"if","locations":[{"start":{"line":71,"column":2},"end":{"line":71,"column":44}},{"start":{},"end":{}}],"line":71},"7":{"loc":{"start":{"line":133,"column":2},"end":{"line":139,"column":3}},"type":"if","locations":[{"start":{"line":133,"column":2},"end":{"line":139,"column":3}},{"start":{"line":135,"column":9},"end":{"line":139,"column":3}}],"line":133},"8":{"loc":{"start":{"line":135,"column":9},"end":{"line":139,"column":3}},"type":"if","locations":[{"start":{"line":135,"column":9},"end":{"line":139,"column":3}},{"start":{"line":137,"column":9},"end":{"line":139,"column":3}}],"line":135}},"s":{"0":1,"1":5,"2":5,"3":5,"4":5,"5":5,"6":5,"7":5,"8":1,"9":4,"10":1,"11":3,"12":1,"13":2,"14":1,"15":1,"16":1,"17":3,"18":3,"19":3,"20":3,"21":1,"22":2,"23":2,"24":2,"25":1,"26":1,"27":1,"28":5,"29":8,"30":1,"31":5,"32":3,"33":2,"34":1,"35":0,"36":0,"37":0,"38":0,"39":1,"40":4,"41":1,"42":3,"43":3,"44":3,"45":3,"46":3,"47":3,"48":3,"49":1,"50":12,"51":1,"52":4,"53":2,"54":2,"55":1,"56":1,"57":1,"58":5,"59":5,"60":3,"61":2,"62":1,"63":4,"64":4,"65":1},"f":{"0":5,"1":3,"2":5,"3":8,"4":5,"5":0,"6":0,"7":0,"8":4,"9":3,"10":12,"11":4,"12":5,"13":4},"b":{"0":[1,4],"1":[1,3],"2":[1,2],"3":[1,1],"4":[1,2],"5":[1,1],"6":[3,2],"7":[2,2],"8":[1,1]},"_coverageSchema":"1a1c01bbd47fc00a2c39e90264f33305004495a9","hash":"12e4e3a8a187b98c86bd63f80d2eaead58a8775b"}
,"/Users/tuyenle/Documents/Project/BiteTogether/src/utils/helpers/validation.ts": {"path":"/Users/tuyenle/Documents/Project/BiteTogether/src/utils/helpers/validation.ts","statementMap":{"0":{"start":{"line":8,"column":29},"end":{"line":10,"column":1}},"1":{"start":{"line":9,"column":2},"end":{"line":9,"column":51}},"2":{"start":{"line":17,"column":32},"end":{"line":47,"column":1}},"3":{"start":{"line":18,"column":2},"end":{"line":23,"column":3}},"4":{"start":{"line":19,"column":4},"end":{"line":22,"column":6}},"5":{"start":{"line":25,"column":2},"end":{"line":30,"column":3}},"6":{"start":{"line":26,"column":4},"end":{"line":29,"column":6}},"7":{"start":{"line":32,"column":2},"end":{"line":37,"column":3}},"8":{"start":{"line":33,"column":4},"end":{"line":36,"column":6}},"9":{"start":{"line":39,"column":2},"end":{"line":44,"column":3}},"10":{"start":{"line":40,"column":4},"end":{"line":43,"column":6}},"11":{"start":{"line":46,"column":2},"end":{"line":46,"column":27}},"12":{"start":{"line":54,"column":32},"end":{"line":79,"column":1}},"13":{"start":{"line":55,"column":18},"end":{"line":55,"column":33}},"14":{"start":{"line":57,"column":2},"end":{"line":62,"column":3}},"15":{"start":{"line":58,"column":4},"end":{"line":61,"column":6}},"16":{"start":{"line":64,"column":2},"end":{"line":69,"column":3}},"17":{"start":{"line":65,"column":4},"end":{"line":68,"column":6}},"18":{"start":{"line":71,"column":2},"end":{"line":76,"column":3}},"19":{"start":{"line":72,"column":4},"end":{"line":75,"column":6}},"20":{"start":{"line":78,"column":2},"end":{"line":78,"column":27}},"21":{"start":{"line":87,"column":32},"end":{"line":95,"column":1}},"22":{"start":{"line":88,"column":2},"end":{"line":93,"column":3}},"23":{"start":{"line":89,"column":4},"end":{"line":92,"column":6}},"24":{"start":{"line":94,"column":2},"end":{"line":94,"column":27}}},"fnMap":{"0":{"name":"(anonymous_0)","decl":{"start":{"line":8,"column":29},"end":{"line":8,"column":30}},"loc":{"start":{"line":8,"column":57},"end":{"line":10,"column":1}},"line":8},"1":{"name":"(anonymous_1)","decl":{"start":{"line":17,"column":32},"end":{"line":17,"column":33}},"loc":{"start":{"line":17,"column":94},"end":{"line":47,"column":1}},"line":17},"2":{"name":"(anonymous_2)","decl":{"start":{"line":54,"column":32},"end":{"line":54,"column":33}},"loc":{"start":{"line":54,"column":94},"end":{"line":79,"column":1}},"line":54},"3":{"name":"(anonymous_3)","decl":{"start":{"line":87,"column":32},"end":{"line":87,"column":33}},"loc":{"start":{"line":87,"column":107},"end":{"line":95,"column":1}},"line":87}},"branchMap":{"0":{"loc":{"start":{"line":18,"column":2},"end":{"line":23,"column":3}},"type":"if","locations":[{"start":{"line":18,"column":2},"end":{"line":23,"column":3}},{"start":{},"end":{}}],"line":18},"1":{"loc":{"start":{"line":25,"column":2},"end":{"line":30,"column":3}},"type":"if","locations":[{"start":{"line":25,"column":2},"end":{"line":30,"column":3}},{"start":{},"end":{}}],"line":25},"2":{"loc":{"start":{"line":32,"column":2},"end":{"line":37,"column":3}},"type":"if","locations":[{"start":{"line":32,"column":2},"end":{"line":37,"column":3}},{"start":{},"end":{}}],"line":32},"3":{"loc":{"start":{"line":39,"column":2},"end":{"line":44,"column":3}},"type":"if","locations":[{"start":{"line":39,"column":2},"end":{"line":44,"column":3}},{"start":{},"end":{}}],"line":39},"4":{"loc":{"start":{"line":57,"column":2},"end":{"line":62,"column":3}},"type":"if","locations":[{"start":{"line":57,"column":2},"end":{"line":62,"column":3}},{"start":{},"end":{}}],"line":57},"5":{"loc":{"start":{"line":64,"column":2},"end":{"line":69,"column":3}},"type":"if","locations":[{"start":{"line":64,"column":2},"end":{"line":69,"column":3}},{"start":{},"end":{}}],"line":64},"6":{"loc":{"start":{"line":71,"column":2},"end":{"line":76,"column":3}},"type":"if","locations":[{"start":{"line":71,"column":2},"end":{"line":76,"column":3}},{"start":{},"end":{}}],"line":71},"7":{"loc":{"start":{"line":88,"column":2},"end":{"line":93,"column":3}},"type":"if","locations":[{"start":{"line":88,"column":2},"end":{"line":93,"column":3}},{"start":{},"end":{}}],"line":88},"8":{"loc":{"start":{"line":88,"column":6},"end":{"line":88,"column":66}},"type":"binary-expr","locations":[{"start":{"line":88,"column":6},"end":{"line":88,"column":12}},{"start":{"line":88,"column":17},"end":{"line":88,"column":42}},{"start":{"line":88,"column":46},"end":{"line":88,"column":65}}],"line":88}},"s":{"0":1,"1":8,"2":1,"3":6,"4":1,"5":5,"6":1,"7":4,"8":1,"9":3,"10":1,"11":2,"12":1,"13":7,"14":7,"15":1,"16":6,"17":1,"18":5,"19":1,"20":4,"21":1,"22":7,"23":5,"24":2},"f":{"0":8,"1":6,"2":7,"3":7},"b":{"0":[1,5],"1":[1,4],"2":[1,3],"3":[1,2],"4":[1,6],"5":[1,5],"6":[1,4],"7":[5,2],"8":[7,3,2]},"_coverageSchema":"1a1c01bbd47fc00a2c39e90264f33305004495a9","hash":"17284e41d4595cf753d9dd007abb56fa2e60969d"}
}
