TN:
SF:src/hooks/redux.ts
FN:6,(anonymous_0)
FNF:1
FNH:1
FNDA:1,(anonymous_0)
DA:6,1
DA:7,1
LF:2
LH:2
BRF:0
BRH:0
end_of_record
TN:
SF:src/services/api/authApi.ts
FN:5,(anonymous_0)
FN:9,(anonymous_1)
FN:13,(anonymous_2)
FN:17,(anonymous_3)
FNF:4
FNH:4
FNDA:1,(anonymous_0)
FNDA:1,(anonymous_1)
FNDA:1,(anonymous_2)
FNDA:1,(anonymous_3)
DA:5,1
DA:6,1
DA:9,1
DA:10,1
DA:13,1
DA:14,1
DA:17,1
DA:18,1
LF:8
LH:8
BRF:0
BRH:0
end_of_record
TN:
SF:src/services/api/chatApi.ts
FN:6,(anonymous_0)
FN:10,(anonymous_1)
FN:14,(anonymous_2)
FN:18,(anonymous_3)
FNF:4
FNH:4
FNDA:2,(anonymous_0)
FNDA:1,(anonymous_1)
FNDA:1,(anonymous_2)
FNDA:2,(anonymous_3)
DA:6,1
DA:7,2
DA:10,1
DA:11,1
DA:14,1
DA:15,1
DA:18,1
DA:19,2
DA:20,2
LF:9
LH:9
BRF:0
BRH:0
end_of_record
TN:
SF:src/services/api/endpoints.ts
FNF:0
FNH:0
DA:1,6
LF:1
LH:1
BRF:0
BRH:0
end_of_record
TN:
SF:src/services/api/feedApi.ts
FN:6,(anonymous_0)
FN:10,(anonymous_1)
FN:14,(anonymous_2)
FN:19,(anonymous_3)
FN:24,(anonymous_4)
FN:29,(anonymous_5)
FN:34,(anonymous_6)
FN:38,(anonymous_7)
FN:42,(anonymous_8)
FN:46,(anonymous_9)
FN:51,(anonymous_10)
FN:56,(anonymous_11)
FN:61,(anonymous_12)
FN:66,(anonymous_13)
FNF:14
FNH:14
FNDA:1,(anonymous_0)
FNDA:2,(anonymous_1)
FNDA:2,(anonymous_2)
FNDA:1,(anonymous_3)
FNDA:1,(anonymous_4)
FNDA:1,(anonymous_5)
FNDA:1,(anonymous_6)
FNDA:1,(anonymous_7)
FNDA:1,(anonymous_8)
FNDA:2,(anonymous_9)
FNDA:1,(anonymous_10)
FNDA:1,(anonymous_11)
FNDA:1,(anonymous_12)
FNDA:2,(anonymous_13)
DA:6,1
DA:7,1
DA:10,1
DA:11,2
DA:14,1
DA:15,2
DA:16,2
DA:19,1
DA:20,1
DA:21,1
DA:24,1
DA:25,1
DA:26,1
DA:29,1
DA:30,1
DA:31,1
DA:34,1
DA:35,1
DA:38,1
DA:39,1
DA:42,1
DA:43,1
DA:46,1
DA:47,2
DA:48,2
DA:51,1
DA:52,1
DA:53,1
DA:56,1
DA:57,1
DA:58,1
DA:61,1
DA:62,1
DA:63,1
DA:66,1
DA:67,2
DA:68,2
LF:37
LH:37
BRF:0
BRH:0
end_of_record
TN:
SF:src/services/api/friendsApi.ts
FN:6,(anonymous_0)
FN:10,(anonymous_1)
FN:15,(anonymous_2)
FN:20,(anonymous_3)
FN:25,(anonymous_4)
FN:30,(anonymous_5)
FN:34,(anonymous_6)
FN:38,(anonymous_7)
FNF:8
FNH:8
FNDA:1,(anonymous_0)
FNDA:1,(anonymous_1)
FNDA:1,(anonymous_2)
FNDA:1,(anonymous_3)
FNDA:1,(anonymous_4)
FNDA:2,(anonymous_5)
FNDA:2,(anonymous_6)
FNDA:1,(anonymous_7)
DA:6,1
DA:7,1
DA:10,1
DA:11,1
DA:12,1
DA:15,1
DA:16,1
DA:17,1
DA:20,1
DA:21,1
DA:22,1
DA:25,1
DA:26,1
DA:27,1
DA:30,1
DA:31,2
DA:34,1
DA:35,2
DA:38,1
DA:39,1
DA:40,1
LF:21
LH:21
BRF:0
BRH:0
end_of_record
TN:
SF:src/services/api/userApi.ts
FN:5,(anonymous_0)
FN:9,(anonymous_1)
FN:14,(anonymous_2)
FNF:3
FNH:3
FNDA:1,(anonymous_0)
FNDA:2,(anonymous_1)
FNDA:2,(anonymous_2)
DA:5,1
DA:6,1
DA:9,1
DA:10,2
DA:11,2
DA:14,1
DA:15,2
DA:16,2
LF:8
LH:8
BRF:0
BRH:0
end_of_record
TN:
SF:src/store/slices/authSlice.ts
FN:19,(anonymous_0)
FN:39,(anonymous_1)
FN:56,(anonymous_2)
FN:79,(anonymous_3)
FN:103,(anonymous_4)
FN:106,(anonymous_5)
FN:110,(anonymous_6)
FN:113,(anonymous_7)
FN:117,(anonymous_8)
FN:124,(anonymous_9)
FN:134,(anonymous_10)
FN:138,(anonymous_11)
FN:142,(anonymous_12)
FN:149,(anonymous_13)
FN:153,(anonymous_14)
FN:160,(anonymous_15)
FN:170,(anonymous_16)
FN:173,(anonymous_17)
FN:180,(anonymous_18)
FNF:19
FNH:15
FNDA:0,(anonymous_0)
FNDA:0,(anonymous_1)
FNDA:0,(anonymous_2)
FNDA:0,(anonymous_3)
FNDA:1,(anonymous_4)
FNDA:2,(anonymous_5)
FNDA:1,(anonymous_6)
FNDA:1,(anonymous_7)
FNDA:1,(anonymous_8)
FNDA:1,(anonymous_9)
FNDA:1,(anonymous_10)
FNDA:1,(anonymous_11)
FNDA:1,(anonymous_12)
FNDA:1,(anonymous_13)
FNDA:1,(anonymous_14)
FNDA:1,(anonymous_15)
FNDA:1,(anonymous_16)
FNDA:1,(anonymous_17)
FNDA:1,(anonymous_18)
DA:8,1
DA:17,1
DA:20,0
DA:21,0
DA:23,0
DA:25,0
DA:26,0
DA:27,0
DA:30,0
DA:32,0
DA:37,1
DA:40,0
DA:41,0
DA:43,0
DA:44,0
DA:47,0
DA:49,0
DA:54,1
DA:57,0
DA:59,0
DA:64,0
DA:66,0
DA:67,0
DA:70,0
DA:72,0
DA:77,1
DA:80,0
DA:81,0
DA:82,0
DA:84,0
DA:85,0
DA:90,0
DA:93,0
DA:99,1
DA:104,1
DA:107,2
DA:112,1
DA:114,1
DA:115,1
DA:118,1
DA:119,1
DA:120,1
DA:121,1
DA:122,1
DA:125,1
DA:126,1
DA:127,1
DA:128,1
DA:129,1
DA:133,1
DA:135,1
DA:136,1
DA:139,1
DA:140,1
DA:143,1
DA:144,1
DA:148,1
DA:150,1
DA:151,1
DA:154,1
DA:155,1
DA:156,1
DA:157,1
DA:158,1
DA:161,1
DA:162,1
DA:163,1
DA:164,1
DA:165,1
DA:169,1
DA:171,1
DA:174,1
DA:175,1
DA:176,1
DA:177,1
DA:178,1
DA:181,1
DA:182,1
DA:183,1
DA:184,1
DA:185,1
DA:190,1
LF:82
LH:54
BRDA:23,0,0,0
BRDA:23,0,1,0
BRDA:23,1,0,0
BRDA:23,1,1,0
BRDA:23,1,2,0
BRDA:43,2,0,0
BRDA:43,2,1,0
BRDA:66,3,0,0
BRDA:66,3,1,0
BRDA:84,4,0,0
BRDA:84,4,1,0
BRDA:84,5,0,0
BRDA:84,5,1,0
BRDA:93,6,0,0
BRDA:93,6,1,0
BRF:15
BRH:0
end_of_record
TN:
SF:src/store/slices/userSlice.ts
FN:18,(anonymous_0)
FN:35,(anonymous_1)
FN:52,(anonymous_2)
FN:112,(anonymous_3)
FN:115,(anonymous_4)
FN:118,(anonymous_5)
FN:123,(anonymous_6)
FN:127,(anonymous_7)
FN:131,(anonymous_8)
FN:134,(anonymous_9)
FN:138,(anonymous_10)
FN:143,(anonymous_11)
FN:150,(anonymous_12)
FN:154,(anonymous_13)
FN:159,(anonymous_14)
FN:166,(anonymous_15)
FN:170,(anonymous_16)
FN:175,(anonymous_17)
FNF:18
FNH:15
FNDA:0,(anonymous_0)
FNDA:0,(anonymous_1)
FNDA:0,(anonymous_2)
FNDA:1,(anonymous_3)
FNDA:2,(anonymous_4)
FNDA:2,(anonymous_5)
FNDA:1,(anonymous_6)
FNDA:1,(anonymous_7)
FNDA:1,(anonymous_8)
FNDA:1,(anonymous_9)
FNDA:1,(anonymous_10)
FNDA:1,(anonymous_11)
FNDA:1,(anonymous_12)
FNDA:1,(anonymous_13)
FNDA:1,(anonymous_14)
FNDA:1,(anonymous_15)
FNDA:1,(anonymous_16)
FNDA:1,(anonymous_17)
DA:8,1
DA:16,1
DA:19,0
DA:20,0
DA:22,0
DA:23,0
DA:25,0
DA:28,0
DA:33,1
DA:36,0
DA:37,0
DA:39,0
DA:40,0
DA:42,0
DA:45,0
DA:50,1
DA:53,0
DA:54,0
DA:55,0
DA:57,0
DA:61,0
DA:63,0
DA:66,0
DA:108,1
DA:113,1
DA:116,2
DA:119,2
DA:120,1
DA:124,1
DA:125,1
DA:128,1
DA:133,1
DA:135,1
DA:136,1
DA:139,1
DA:140,1
DA:141,1
DA:144,1
DA:145,1
DA:149,1
DA:151,1
DA:152,1
DA:155,1
DA:156,1
DA:157,1
DA:160,1
DA:161,1
DA:165,1
DA:167,1
DA:168,1
DA:171,1
DA:172,1
DA:173,1
DA:176,1
DA:177,1
DA:213,1
LF:56
LH:37
BRDA:22,0,0,0
BRDA:22,0,1,0
BRDA:39,1,0,0
BRDA:39,1,1,0
BRDA:55,2,0,0
BRDA:55,2,1,0
BRDA:119,3,0,1
BRDA:119,3,1,1
BRF:8
BRH:2
end_of_record
TN:
SF:src/utils/i18n.ts
FN:17,(anonymous_0)
FN:21,(anonymous_1)
FN:22,(anonymous_2)
FNF:3
FNH:0
FNDA:0,(anonymous_0)
FNDA:0,(anonymous_1)
FNDA:0,(anonymous_2)
DA:8,0
DA:14,0
DA:18,0
DA:19,0
DA:25,0
LF:5
LH:0
BRDA:19,0,0,0
BRDA:19,0,1,0
BRF:2
BRH:0
end_of_record
TN:
SF:src/utils/constants/api/config.ts
FNF:0
FNH:0
DA:4,2
LF:1
LH:1
BRDA:5,0,0,2
BRDA:5,0,1,0
BRDA:6,1,0,2
BRDA:6,1,1,0
BRDA:7,2,0,2
BRDA:7,2,1,0
BRF:6
BRH:3
end_of_record
TN:
SF:src/utils/constants/api/websocket.ts
FNF:0
FNH:0
DA:2,2
LF:1
LH:1
BRF:0
BRH:0
end_of_record
TN:
SF:src/utils/constants/storage/keys.ts
FNF:0
FNH:0
DA:2,2
LF:1
LH:1
BRF:0
BRH:0
end_of_record
TN:
SF:src/utils/constants/ui/animations.ts
FNF:0
FNH:0
DA:2,2
LF:1
LH:1
BRF:0
BRH:0
end_of_record
TN:
SF:src/utils/constants/ui/colors.ts
FNF:0
FNH:0
DA:2,3
LF:1
LH:1
BRF:0
BRH:0
end_of_record
TN:
SF:src/utils/constants/ui/featureFlags.ts
FNF:0
FNH:0
DA:2,2
LF:1
LH:1
BRF:0
BRH:0
end_of_record
TN:
SF:src/utils/constants/ui/fonts.ts
FNF:0
FNH:0
DA:2,2
LF:1
LH:1
BRF:0
BRH:0
end_of_record
TN:
SF:src/utils/constants/ui/map.ts
FNF:0
FNH:0
DA:2,2
LF:1
LH:1
BRF:0
BRH:0
end_of_record
TN:
SF:src/utils/constants/ui/pagination.ts
FNF:0
FNH:0
DA:2,2
LF:1
LH:1
BRF:0
BRH:0
end_of_record
TN:
SF:src/utils/constants/ui/spacing.ts
FNF:0
FNH:0
DA:2,2
DA:11,2
LF:2
LH:2
BRF:0
BRH:0
end_of_record
TN:
SF:src/utils/constants/ui/swipe.ts
FNF:0
FNH:0
DA:2,2
LF:1
LH:1
BRF:0
BRH:0
end_of_record
TN:
SF:src/utils/constants/ui/validation.ts
FNF:0
FNH:0
DA:2,2
LF:1
LH:1
BRF:0
BRH:0
end_of_record
TN:
SF:src/utils/helpers/formatting.ts
FN:6,(anonymous_0)
FN:32,(anonymous_1)
FN:56,(anonymous_2)
FN:60,(anonymous_3)
FN:70,(anonymous_4)
FN:81,(anonymous_5)
FN:83,(anonymous_6)
FN:85,(anonymous_7)
FN:93,(anonymous_8)
FN:105,(anonymous_9)
FN:123,(anonymous_10)
FN:132,(anonymous_11)
FN:147,(anonymous_12)
FN:162,(anonymous_13)
FNF:14
FNH:11
FNDA:5,(anonymous_0)
FNDA:3,(anonymous_1)
FNDA:5,(anonymous_2)
FNDA:8,(anonymous_3)
FNDA:5,(anonymous_4)
FNDA:0,(anonymous_5)
FNDA:0,(anonymous_6)
FNDA:0,(anonymous_7)
FNDA:4,(anonymous_8)
FNDA:3,(anonymous_9)
FNDA:12,(anonymous_10)
FNDA:4,(anonymous_11)
FNDA:5,(anonymous_12)
FNDA:4,(anonymous_13)
DA:6,1
DA:7,5
DA:8,5
DA:9,5
DA:10,5
DA:11,5
DA:12,5
DA:14,5
DA:15,1
DA:16,4
DA:17,1
DA:18,3
DA:19,1
DA:20,2
DA:21,1
DA:23,1
DA:32,1
DA:33,3
DA:34,3
DA:35,3
DA:37,3
DA:38,1
DA:40,2
DA:41,2
DA:43,2
DA:44,1
DA:46,1
DA:56,1
DA:57,5
DA:60,8
DA:70,1
DA:71,5
DA:72,2
DA:81,1
DA:83,0
DA:84,0
DA:85,0
DA:93,1
DA:94,4
DA:105,1
DA:106,3
DA:107,3
DA:108,3
DA:110,3
DA:113,3
DA:114,3
DA:115,3
DA:123,1
DA:124,12
DA:132,1
DA:133,4
DA:134,2
DA:135,2
DA:136,1
DA:138,1
DA:147,1
DA:148,5
DA:149,5
DA:150,3
DA:152,2
DA:162,1
DA:163,4
DA:164,4
DA:166,1
LF:64
LH:61
BRDA:14,0,0,1
BRDA:14,0,1,4
BRDA:16,1,0,1
BRDA:16,1,1,3
BRDA:18,2,0,1
BRDA:18,2,1,2
BRDA:20,3,0,1
BRDA:20,3,1,1
BRDA:37,4,0,1
BRDA:37,4,1,2
BRDA:43,5,0,1
BRDA:43,5,1,1
BRDA:71,6,0,3
BRDA:71,6,1,2
BRDA:133,7,0,2
BRDA:133,7,1,2
BRDA:135,8,0,1
BRDA:135,8,1,1
BRF:18
BRH:18
end_of_record
TN:
SF:src/utils/helpers/validation.ts
FN:8,(anonymous_0)
FN:17,(anonymous_1)
FN:54,(anonymous_2)
FN:87,(anonymous_3)
FNF:4
FNH:4
FNDA:8,(anonymous_0)
FNDA:6,(anonymous_1)
FNDA:7,(anonymous_2)
FNDA:7,(anonymous_3)
DA:8,1
DA:9,8
DA:17,1
DA:18,6
DA:19,1
DA:25,5
DA:26,1
DA:32,4
DA:33,1
DA:39,3
DA:40,1
DA:46,2
DA:54,1
DA:55,7
DA:57,7
DA:58,1
DA:64,6
DA:65,1
DA:71,5
DA:72,1
DA:78,4
DA:87,1
DA:88,7
DA:89,5
DA:94,2
LF:25
LH:25
BRDA:18,0,0,1
BRDA:18,0,1,5
BRDA:25,1,0,1
BRDA:25,1,1,4
BRDA:32,2,0,1
BRDA:32,2,1,3
BRDA:39,3,0,1
BRDA:39,3,1,2
BRDA:57,4,0,1
BRDA:57,4,1,6
BRDA:64,5,0,1
BRDA:64,5,1,5
BRDA:71,6,0,1
BRDA:71,6,1,4
BRDA:88,7,0,5
BRDA:88,7,1,2
BRDA:88,8,0,7
BRDA:88,8,1,3
BRDA:88,8,2,2
BRF:19
BRH:19
end_of_record
